c:\users\shadow\desktop\cp\internal cheatss ududuuddudu\rust = gay = internal = gay + nigger\x64\release\memory.obj
c:\users\shadow\desktop\cp\internal cheatss ududuuddudu\rust = gay = internal = gay + nigger\x64\release\math.obj
c:\users\shadow\desktop\cp\internal cheatss ududuuddudu\rust = gay = internal = gay + nigger\x64\release\sky.obj
c:\users\shadow\desktop\cp\internal cheatss ududuuddudu\rust = gay = internal = gay + nigger\x64\release\misc.obj
c:\users\shadow\desktop\cp\internal cheatss ududuuddudu\rust = gay = internal = gay + nigger\x64\release\main.obj
c:\users\shadow\desktop\cp\internal cheatss ududuuddudu\rust = gay = internal = gay + nigger\x64\release\offsets.obj
c:\users\shadow\desktop\cp\internal cheatss ududuuddudu\rust = gay = internal = gay + nigger\x64\release\il2cpp.obj
c:\users\shadow\desktop\cp\internal cheatss ududuuddudu\rust = gay = internal = gay + nigger\x64\release\classes.obj
c:\users\shadow\desktop\cp\internal cheatss ududuuddudu\rust = gay = internal = gay + nigger\x64\release\esp.obj
c:\users\shadow\desktop\cp\internal cheatss ududuuddudu\rust = gay = internal = gay + nigger\x64\release\aimbot.obj
c:\users\shadow\desktop\cp\internal cheatss ududuuddudu\rust = gay = internal = gay + nigger\x64\release\rust base.dll
c:\users\shadow\desktop\cp\internal cheatss ududuuddudu\rust = gay = internal = gay + nigger\x64\release\rust base.pdb
c:\users\shadow\desktop\cp\internal cheatss ududuuddudu\rust = gay = internal = gay + nigger\x64\release\rust base.ipdb
c:\users\shadow\desktop\cp\internal cheatss ududuuddudu\rust = gay = internal = gay + nigger\x64\release\rust base.iobj
c:\users\shadow\desktop\cp\internal cheatss ududuuddudu\rust = gay = internal = gay + nigger\x64\release\rust base.vcxproj.filelistabsolute.txt
c:\users\shadow\desktop\cp\internal cheatss ududuuddudu\rust = gay = internal = gay + nigger\x64\release\rust base.tlog\cl.command.1.tlog
c:\users\shadow\desktop\cp\internal cheatss ududuuddudu\rust = gay = internal = gay + nigger\x64\release\rust base.tlog\cl.read.1.tlog
c:\users\shadow\desktop\cp\internal cheatss ududuuddudu\rust = gay = internal = gay + nigger\x64\release\rust base.tlog\cl.write.1.tlog
c:\users\shadow\desktop\cp\internal cheatss ududuuddudu\rust = gay = internal = gay + nigger\x64\release\rust base.tlog\link.command.1.tlog
c:\users\shadow\desktop\cp\internal cheatss ududuuddudu\rust = gay = internal = gay + nigger\x64\release\rust base.tlog\link.read.1.tlog
c:\users\shadow\desktop\cp\internal cheatss ududuuddudu\rust = gay = internal = gay + nigger\x64\release\rust base.tlog\link.write.1.tlog
c:\users\shadow\desktop\cp\internal cheatss ududuuddudu\rust = gay = internal = gay + nigger\x64\release\rust base.tlog\rust base.write.1u.tlog
