c:\users\andrew\desktop\rust final\old\rust base\x64\debug\vc142.pdb
c:\users\andrew\desktop\rust final\old\rust base\x64\debug\vc142.idb
c:\users\andrew\desktop\rust final\old\rust base\x64\debug\memory.obj
c:\users\andrew\desktop\rust final\old\rust base\x64\debug\math.obj
c:\users\andrew\desktop\rust final\old\rust base\x64\debug\sky.obj
c:\users\andrew\desktop\rust final\old\rust base\x64\debug\misc.obj
c:\users\andrew\desktop\rust final\old\rust base\x64\debug\offsets.obj
c:\users\andrew\desktop\rust final\old\rust base\x64\debug\il2cpp.obj
c:\users\andrew\desktop\rust final\old\rust base\x64\debug\classes.obj
c:\users\andrew\desktop\rust final\old\rust base\x64\debug\esp.obj
c:\users\andrew\desktop\rust final\old\rust base\x64\debug\aimbot.obj
c:\users\andrew\desktop\rust final\old\rust base\x64\debug\projectileshoot.obj
c:\users\andrew\desktop\rust final\old\rust base\x64\debug\main.obj
c:\users\andrew\desktop\rust final\old\rust base\x64\debug\h0ok.ilk
c:\users\andrew\desktop\rust final\old\x64\debug\h0ok.dll
c:\users\andrew\desktop\rust final\old\x64\debug\h0ok.pdb
c:\users\andrew\desktop\rust final\old\rust base\x64\debug\h0ok.tlog\cl.command.1.tlog
c:\users\andrew\desktop\rust final\old\rust base\x64\debug\h0ok.tlog\cl.read.1.tlog
c:\users\andrew\desktop\rust final\old\rust base\x64\debug\h0ok.tlog\cl.write.1.tlog
c:\users\andrew\desktop\rust final\old\rust base\x64\debug\h0ok.tlog\link.command.1.tlog
c:\users\andrew\desktop\rust final\old\rust base\x64\debug\h0ok.tlog\link.read.1.tlog
c:\users\andrew\desktop\rust final\old\rust base\x64\debug\h0ok.tlog\link.write.1.tlog
