  aimbot.cpp
C:\Users\Andrew\Desktop\rust final\old\rust base\game\il2cpp.hpp(36,11): warning C4200: nonstandard extension used: zero-sized array in struct/union
C:\Users\Andrew\Desktop\rust final\old\rust base\game\il2cpp.hpp(36,11): message : This member will be ignored by a defaulted constructor or copy/move assignment operator
C:\Users\Andrew\Desktop\rust final\old\rust base\aimbot.cpp(19,26): warning C4244: 'initializing': conversion from 'double' to 'float', possible loss of data
C:\Users\Andrew\Desktop\rust final\old\rust base\aimbot.cpp(40,26): warning C4244: 'initializing': conversion from 'double' to 'float', possible loss of data
  esp.cpp
C:\Users\Andrew\Desktop\rust final\old\rust base\game\il2cpp.hpp(36,11): warning C4200: nonstandard extension used: zero-sized array in struct/union
C:\Users\Andrew\Desktop\rust final\old\rust base\game\il2cpp.hpp(36,11): message : This member will be ignored by a defaulted constructor or copy/move assignment operator
C:\Users\Andrew\Desktop\rust final\old\rust base\esp.cpp(29,21): warning C4018: '<': signed/unsigned mismatch
C:\Users\Andrew\Desktop\rust final\old\rust base\esp.cpp(51,87): warning C4305: 'argument': truncation from 'double' to 'float'
C:\Users\Andrew\Desktop\rust final\old\rust base\esp.cpp(229,73): warning C4305: 'argument': truncation from 'double' to 'float'
C:\Users\Andrew\Desktop\rust final\old\rust base\esp.cpp(206,17): warning C4101: 'espas': unreferenced local variable
C:\Users\Andrew\Desktop\rust final\old\rust base\esp.cpp(282,68): warning C4305: 'argument': truncation from 'double' to 'float'
C:\Users\Andrew\Desktop\rust final\old\rust base\esp.cpp(257,17): warning C4101: 'espas': unreferenced local variable
C:\Users\Andrew\Desktop\rust final\old\rust base\esp.cpp(307,62): warning C4305: 'argument': truncation from 'double' to 'float'
C:\Users\Andrew\Desktop\rust final\old\rust base\esp.cpp(364,102): warning C4244: 'argument': conversion from 'int' to 'float', possible loss of data
C:\Users\Andrew\Desktop\rust final\old\rust base\esp.cpp(364,68): warning C4244: 'argument': conversion from 'int' to 'float', possible loss of data
C:\Users\Andrew\Desktop\rust final\old\rust base\esp.cpp(365,100): warning C4244: 'argument': conversion from 'int' to 'float', possible loss of data
C:\Users\Andrew\Desktop\rust final\old\rust base\esp.cpp(365,66): warning C4244: 'argument': conversion from 'int' to 'float', possible loss of data
C:\Users\Andrew\Desktop\rust final\old\rust base\esp.cpp(392,98): warning C4244: 'argument': conversion from 'int' to 'float', possible loss of data
C:\Users\Andrew\Desktop\rust final\old\rust base\esp.cpp(392,68): warning C4244: 'argument': conversion from 'int' to 'float', possible loss of data
C:\Users\Andrew\Desktop\rust final\old\rust base\esp.cpp(393,96): warning C4244: 'argument': conversion from 'int' to 'float', possible loss of data
C:\Users\Andrew\Desktop\rust final\old\rust base\esp.cpp(393,66): warning C4244: 'argument': conversion from 'int' to 'float', possible loss of data
C:\Users\Andrew\Desktop\rust final\old\rust base\esp.cpp(395,71): warning C4305: 'argument': truncation from 'double' to 'float'
C:\Users\Andrew\Desktop\rust final\old\rust base\esp.cpp(406,71): warning C4305: 'argument': truncation from 'double' to 'float'
C:\Users\Andrew\Desktop\rust final\old\rust base\esp.cpp(409,98): warning C4244: 'argument': conversion from 'int' to 'float', possible loss of data
C:\Users\Andrew\Desktop\rust final\old\rust base\esp.cpp(409,68): warning C4244: 'argument': conversion from 'int' to 'float', possible loss of data
C:\Users\Andrew\Desktop\rust final\old\rust base\esp.cpp(410,96): warning C4244: 'argument': conversion from 'int' to 'float', possible loss of data
C:\Users\Andrew\Desktop\rust final\old\rust base\esp.cpp(410,66): warning C4244: 'argument': conversion from 'int' to 'float', possible loss of data
C:\Users\Andrew\Desktop\rust final\old\rust base\esp.cpp(478,26): warning C4244: 'initializing': conversion from 'double' to 'float', possible loss of data
C:\Users\Andrew\Desktop\rust final\old\rust base\esp.cpp(502,107): warning C4244: 'argument': conversion from 'int' to 'float', possible loss of data
C:\Users\Andrew\Desktop\rust final\old\rust base\esp.cpp(502,72): warning C4244: 'argument': conversion from 'int' to 'float', possible loss of data
C:\Users\Andrew\Desktop\rust final\old\rust base\esp.cpp(503,104): warning C4244: 'argument': conversion from 'int' to 'float', possible loss of data
C:\Users\Andrew\Desktop\rust final\old\rust base\esp.cpp(503,69): warning C4244: 'argument': conversion from 'int' to 'float', possible loss of data
C:\Users\Andrew\Desktop\rust final\old\rust base\esp.cpp(518,160): warning C4305: 'argument': truncation from 'double' to 'float'
C:\Users\Andrew\Desktop\rust final\old\rust base\esp.cpp(535,26): warning C4244: 'initializing': conversion from 'double' to 'float', possible loss of data
  classes.cpp
C:\Users\Andrew\Desktop\rust final\old\rust base\game\il2cpp.hpp(36,11): warning C4200: nonstandard extension used: zero-sized array in struct/union
C:\Users\Andrew\Desktop\rust final\old\rust base\game\il2cpp.hpp(36,11): message : This member will be ignored by a defaulted constructor or copy/move assignment operator
C:\Users\Andrew\Desktop\rust final\old\rust base\wrapper.hpp(21,10): warning C4200: nonstandard extension used: zero-sized array in struct/union
C:\Users\Andrew\Desktop\rust final\old\rust base\wrapper.hpp(21,10): message : This member will be ignored by a defaulted constructor or copy/move assignment operator
C:\Users\Andrew\Desktop\rust final\old\rust base\wrapper.hpp(150,11): warning C4200: nonstandard extension used: zero-sized array in struct/union
C:\Users\Andrew\Desktop\rust final\old\rust base\wrapper.hpp(150,11): message : This member will be ignored by a defaulted constructor or copy/move assignment operator
C:\Users\Andrew\Desktop\rust final\old\rust base\disector.hpp(50,7): warning C4267: 'argument': conversion from 'size_t' to 'uint32_t', possible loss of data
C:\Users\Andrew\Desktop\rust final\old\rust base\disector.hpp(89,8): warning C4267: 'argument': conversion from 'size_t' to 'uint32_t', possible loss of data
C:\Users\Andrew\Desktop\rust final\old\rust base\disector.hpp(132,8): warning C4267: 'argument': conversion from 'size_t' to 'uint32_t', possible loss of data
C:\Users\Andrew\Desktop\rust final\old\rust base\disector.hpp(177,24): warning C4018: '<': signed/unsigned mismatch
C:\Users\Andrew\Desktop\rust final\old\rust base\disector.hpp(191,8): warning C4267: 'argument': conversion from 'size_t' to 'uint32_t', possible loss of data
C:\Users\Andrew\Desktop\rust final\old\rust base\disector.hpp(274,9): warning C4477: 'printf' : format string '%u' requires an argument of type 'unsigned int', but variadic argument 1 has type 'size_t'
C:\Users\Andrew\Desktop\rust final\old\rust base\disector.hpp(274,9): message : consider using '%zu' in the format string
C:\Users\Andrew\Desktop\rust final\old\rust base\disector.hpp(291,43): warning C4267: 'argument': conversion from 'size_t' to 'uint32_t', possible loss of data
C:\Users\Andrew\Desktop\rust final\old\rust base\disector.hpp(294,10): warning C4477: 'printf' : format string '%u' requires an argument of type 'unsigned int', but variadic argument 2 has type 'size_t'
C:\Users\Andrew\Desktop\rust final\old\rust base\disector.hpp(294,10): message : consider using '%zu' in the format string
C:\Users\Andrew\Desktop\rust final\old\rust base\disector.hpp(326,24): warning C4018: '<': signed/unsigned mismatch
C:\Users\Andrew\Desktop\rust final\old\rust base\disector.hpp(340,44): warning C4267: 'argument': conversion from 'size_t' to 'uint32_t', possible loss of data
C:\Users\Andrew\Desktop\rust final\old\rust base\disector.hpp(370,44): warning C4267: 'argument': conversion from 'size_t' to 'uint32_t', possible loss of data
C:\Users\Andrew\Desktop\rust final\old\rust base\game\classes.cpp(111,38): warning C4267: 'initializing': conversion from 'size_t' to 'char', possible loss of data
C:\Users\Andrew\Desktop\rust final\old\rust base\game\classes.cpp(386,78): warning C4244: 'argument': conversion from 'uint64_t' to 'int', possible loss of data
C:\Users\Andrew\Desktop\rust final\old\rust base\game\classes.cpp(938,45): warning C4244: 'argument': conversion from 'float' to 'int', possible loss of data
C:\Users\Andrew\Desktop\rust final\old\rust base\game\classes.cpp(3128,14): warning C4305: '=': truncation from 'double' to 'float'
C:\Users\Andrew\Desktop\rust final\old\rust base\game\classes.cpp(3133,14): warning C4305: '=': truncation from 'double' to 'float'
C:\Users\Andrew\Desktop\rust final\old\rust base\game\classes.cpp(3138,14): warning C4305: '=': truncation from 'double' to 'float'
C:\Users\Andrew\Desktop\rust final\old\rust base\game\classes.cpp(3144,14): warning C4305: '=': truncation from 'double' to 'float'
C:\Users\Andrew\Desktop\rust final\old\rust base\game\classes.cpp(3149,14): warning C4305: '=': truncation from 'double' to 'float'
C:\Users\Andrew\Desktop\rust final\old\rust base\game\classes.cpp(3154,14): warning C4305: '=': truncation from 'double' to 'float'
C:\Users\Andrew\Desktop\rust final\old\rust base\game\classes.cpp(3159,14): warning C4305: '=': truncation from 'double' to 'float'
C:\Users\Andrew\Desktop\rust final\old\rust base\game\classes.cpp(3165,16): warning C4305: '=': truncation from 'double' to 'float'
C:\Users\Andrew\Desktop\rust final\old\rust base\game\classes.cpp(3170,15): warning C4305: '=': truncation from 'double' to 'float'
C:\Users\Andrew\Desktop\rust final\old\rust base\game\classes.cpp(3175,15): warning C4305: '=': truncation from 'double' to 'float'
C:\Users\Andrew\Desktop\rust final\old\rust base\game\classes.cpp(3180,16): warning C4305: '=': truncation from 'double' to 'float'
C:\Users\Andrew\Desktop\rust final\old\rust base\game\classes.cpp(3660,12): warning C4244: 'initializing': conversion from 't' to 'int', possible loss of data
          with
          [
              t=uintptr_t
          ]
C:\Users\Andrew\Desktop\rust final\old\rust base\game\classes.cpp(3777,10): warning C4244: 'return': conversion from 'uintptr_t' to 'int', possible loss of data
C:\Users\Andrew\Desktop\rust final\old\rust base\game\classes.cpp(3796,10): warning C4244: 'return': conversion from 'uintptr_t' to 'int', possible loss of data
C:\Users\Andrew\Desktop\rust final\old\rust base\game\classes.cpp(4892,98): warning C4244: 'argument': conversion from 'int' to 'float', possible loss of data
C:\Users\Andrew\Desktop\rust final\old\rust base\game\classes.cpp(4892,85): warning C4244: 'argument': conversion from 'int' to 'float', possible loss of data
C:\Users\Andrew\Desktop\rust final\old\rust base\game\classes.cpp(4892,70): warning C4244: 'argument': conversion from 'int' to 'float', possible loss of data
C:\Users\Andrew\Desktop\rust final\old\rust base\game\classes.cpp(4892,56): warning C4244: 'argument': conversion from 'int' to 'float', possible loss of data
C:\Users\Andrew\Desktop\rust final\old\rust base\game\classes.cpp(4893,98): warning C4244: 'argument': conversion from 'int' to 'float', possible loss of data
C:\Users\Andrew\Desktop\rust final\old\rust base\game\classes.cpp(4893,85): warning C4244: 'argument': conversion from 'int' to 'float', possible loss of data
C:\Users\Andrew\Desktop\rust final\old\rust base\game\classes.cpp(4893,70): warning C4244: 'argument': conversion from 'int' to 'float', possible loss of data
C:\Users\Andrew\Desktop\rust final\old\rust base\game\classes.cpp(4893,56): warning C4244: 'argument': conversion from 'int' to 'float', possible loss of data
C:\Users\Andrew\Desktop\rust final\old\rust base\game\classes.cpp(4894,97): warning C4244: 'argument': conversion from 'int' to 'float', possible loss of data
C:\Users\Andrew\Desktop\rust final\old\rust base\game\classes.cpp(4894,84): warning C4244: 'argument': conversion from 'int' to 'float', possible loss of data
C:\Users\Andrew\Desktop\rust final\old\rust base\game\classes.cpp(4894,70): warning C4244: 'argument': conversion from 'int' to 'float', possible loss of data
C:\Users\Andrew\Desktop\rust final\old\rust base\game\classes.cpp(4894,56): warning C4244: 'argument': conversion from 'int' to 'float', possible loss of data
C:\Users\Andrew\Desktop\rust final\old\rust base\game\classes.cpp(4895,99): warning C4244: 'argument': conversion from 'int' to 'float', possible loss of data
C:\Users\Andrew\Desktop\rust final\old\rust base\game\classes.cpp(4895,85): warning C4244: 'argument': conversion from 'int' to 'float', possible loss of data
C:\Users\Andrew\Desktop\rust final\old\rust base\game\classes.cpp(4895,71): warning C4244: 'argument': conversion from 'int' to 'float', possible loss of data
C:\Users\Andrew\Desktop\rust final\old\rust base\game\classes.cpp(4895,56): warning C4244: 'argument': conversion from 'int' to 'float', possible loss of data
C:\Users\Andrew\Desktop\rust final\old\rust base\game\classes.cpp(4896,99): warning C4244: 'argument': conversion from 'int' to 'float', possible loss of data
C:\Users\Andrew\Desktop\rust final\old\rust base\game\classes.cpp(4896,83): warning C4244: 'argument': conversion from 'int' to 'float', possible loss of data
C:\Users\Andrew\Desktop\rust final\old\rust base\game\classes.cpp(4896,69): warning C4244: 'argument': conversion from 'int' to 'float', possible loss of data
C:\Users\Andrew\Desktop\rust final\old\rust base\game\classes.cpp(4896,56): warning C4244: 'argument': conversion from 'int' to 'float', possible loss of data
C:\Users\Andrew\Desktop\rust final\old\rust base\game\classes.cpp(4897,100): warning C4244: 'argument': conversion from 'int' to 'float', possible loss of data
C:\Users\Andrew\Desktop\rust final\old\rust base\game\classes.cpp(4897,84): warning C4244: 'argument': conversion from 'int' to 'float', possible loss of data
C:\Users\Andrew\Desktop\rust final\old\rust base\game\classes.cpp(4897,70): warning C4244: 'argument': conversion from 'int' to 'float', possible loss of data
C:\Users\Andrew\Desktop\rust final\old\rust base\game\classes.cpp(4897,56): warning C4244: 'argument': conversion from 'int' to 'float', possible loss of data
C:\Users\Andrew\Desktop\rust final\old\rust base\game\classes.cpp(4898,98): warning C4244: 'argument': conversion from 'int' to 'float', possible loss of data
C:\Users\Andrew\Desktop\rust final\old\rust base\game\classes.cpp(4898,85): warning C4244: 'argument': conversion from 'int' to 'float', possible loss of data
C:\Users\Andrew\Desktop\rust final\old\rust base\game\classes.cpp(4898,70): warning C4244: 'argument': conversion from 'int' to 'float', possible loss of data
C:\Users\Andrew\Desktop\rust final\old\rust base\game\classes.cpp(4898,56): warning C4244: 'argument': conversion from 'int' to 'float', possible loss of data
C:\Users\Andrew\Desktop\rust final\old\rust base\game\classes.cpp(4899,98): warning C4244: 'argument': conversion from 'int' to 'float', possible loss of data
C:\Users\Andrew\Desktop\rust final\old\rust base\game\classes.cpp(4899,85): warning C4244: 'argument': conversion from 'int' to 'float', possible loss of data
C:\Users\Andrew\Desktop\rust final\old\rust base\game\classes.cpp(4899,70): warning C4244: 'argument': conversion from 'int' to 'float', possible loss of data
C:\Users\Andrew\Desktop\rust final\old\rust base\game\classes.cpp(4899,56): warning C4244: 'argument': conversion from 'int' to 'float', possible loss of data
C:\Users\Andrew\Desktop\rust final\old\rust base\game\classes.cpp(4900,97): warning C4244: 'argument': conversion from 'int' to 'float', possible loss of data
C:\Users\Andrew\Desktop\rust final\old\rust base\game\classes.cpp(4900,84): warning C4244: 'argument': conversion from 'int' to 'float', possible loss of data
C:\Users\Andrew\Desktop\rust final\old\rust base\game\classes.cpp(4900,70): warning C4244: 'argument': conversion from 'int' to 'float', possible loss of data
C:\Users\Andrew\Desktop\rust final\old\rust base\game\classes.cpp(4900,56): warning C4244: 'argument': conversion from 'int' to 'float', possible loss of data
C:\Users\Andrew\Desktop\rust final\old\rust base\game\classes.cpp(4901,99): warning C4244: 'argument': conversion from 'int' to 'float', possible loss of data
C:\Users\Andrew\Desktop\rust final\old\rust base\game\classes.cpp(4901,85): warning C4244: 'argument': conversion from 'int' to 'float', possible loss of data
C:\Users\Andrew\Desktop\rust final\old\rust base\game\classes.cpp(4901,71): warning C4244: 'argument': conversion from 'int' to 'float', possible loss of data
C:\Users\Andrew\Desktop\rust final\old\rust base\game\classes.cpp(4901,56): warning C4244: 'argument': conversion from 'int' to 'float', possible loss of data
C:\Users\Andrew\Desktop\rust final\old\rust base\game\classes.cpp(4902,99): warning C4244: 'argument': conversion from 'int' to 'float', possible loss of data
C:\Users\Andrew\Desktop\rust final\old\rust base\game\classes.cpp(4902,83): warning C4244: 'argument': conversion from 'int' to 'float', possible loss of data
C:\Users\Andrew\Desktop\rust final\old\rust base\game\classes.cpp(4902,69): warning C4244: 'argument': conversion from 'int' to 'float', possible loss of data
C:\Users\Andrew\Desktop\rust final\old\rust base\game\classes.cpp(4902,56): warning C4244: 'argument': conversion from 'int' to 'float', possible loss of data
C:\Users\Andrew\Desktop\rust final\old\rust base\game\classes.cpp(4903,100): warning C4244: 'argument': conversion from 'int' to 'float', possible loss of data
C:\Users\Andrew\Desktop\rust final\old\rust base\game\classes.cpp(4903,84): warning C4244: 'argument': conversion from 'int' to 'float', possible loss of data
C:\Users\Andrew\Desktop\rust final\old\rust base\game\classes.cpp(4903,70): warning C4244: 'argument': conversion from 'int' to 'float', possible loss of data
C:\Users\Andrew\Desktop\rust final\old\rust base\game\classes.cpp(4903,56): warning C4244: 'argument': conversion from 'int' to 'float', possible loss of data
E:\Program Files (x86)\Microsoft Visual Studio\2019\Community\VC\Tools\MSVC\14.29.30133\include\xstring(2541,23): warning C4244: 'argument': conversion from 'const wchar_t' to 'const _Elem', possible loss of data
          with
          [
              _Elem=char
          ]
E:\Program Files (x86)\Microsoft Visual Studio\2019\Community\VC\Tools\MSVC\14.29.30133\include\xstring(2552): message : see reference to function template instantiation 'void std::basic_string<char,std::char_traits<char>,std::allocator<char>>::_Construct<const wchar_t*>(_Iter,const _Iter,std::input_iterator_tag)' being compiled
          with
          [
              _Iter=const wchar_t *
          ]
E:\Program Files (x86)\Microsoft Visual Studio\2019\Community\VC\Tools\MSVC\14.29.30133\include\xstring(2552): message : see reference to function template instantiation 'void std::basic_string<char,std::char_traits<char>,std::allocator<char>>::_Construct<const wchar_t*>(_Iter,const _Iter,std::input_iterator_tag)' being compiled
          with
          [
              _Iter=const wchar_t *
          ]
E:\Program Files (x86)\Microsoft Visual Studio\2019\Community\VC\Tools\MSVC\14.29.30133\include\xstring(2532): message : see reference to function template instantiation 'void std::basic_string<char,std::char_traits<char>,std::allocator<char>>::_Construct<const wchar_t*>(const _Iter,const _Iter,std::forward_iterator_tag)' being compiled
          with
          [
              _Iter=const wchar_t *
          ]
E:\Program Files (x86)\Microsoft Visual Studio\2019\Community\VC\Tools\MSVC\14.29.30133\include\xstring(2532): message : see reference to function template instantiation 'void std::basic_string<char,std::char_traits<char>,std::allocator<char>>::_Construct<const wchar_t*>(const _Iter,const _Iter,std::forward_iterator_tag)' being compiled
          with
          [
              _Iter=const wchar_t *
          ]
C:\Users\Andrew\Desktop\rust final\old\rust base\game\classes.cpp(124): message : see reference to function template instantiation 'std::basic_string<char,std::char_traits<char>,std::allocator<char>>::basic_string<std::_String_const_iterator<std::_String_val<std::_Simple_types<_Elem>>>,0>(_Iter,_Iter,const _Alloc &)' being compiled
          with
          [
              _Elem=wchar_t,
              _Iter=std::_String_const_iterator<std::_String_val<std::_Simple_types<wchar_t>>>,
              _Alloc=std::allocator<char>
          ]
C:\Users\Andrew\Desktop\rust final\old\rust base\game\classes.cpp(124): message : see reference to function template instantiation 'std::basic_string<char,std::char_traits<char>,std::allocator<char>>::basic_string<std::_String_const_iterator<std::_String_val<std::_Simple_types<_Elem>>>,0>(_Iter,_Iter,const _Alloc &)' being compiled
          with
          [
              _Elem=wchar_t,
              _Iter=std::_String_const_iterator<std::_String_val<std::_Simple_types<wchar_t>>>,
              _Alloc=std::allocator<char>
          ]
  il2cpp.cpp
C:\Users\Andrew\Desktop\rust final\old\rust base\game\il2cpp.hpp(36,11): warning C4200: nonstandard extension used: zero-sized array in struct/union
C:\Users\Andrew\Desktop\rust final\old\rust base\game\il2cpp.hpp(36,11): message : This member will be ignored by a defaulted constructor or copy/move assignment operator
C:\Users\Andrew\Desktop\rust final\old\rust base\game\il2cpp.cpp(292,12): warning C4101: 'il2cpp_method': unreferenced local variable
  offsets.cpp
C:\Users\Andrew\Desktop\rust final\old\rust base\game\il2cpp.hpp(36,11): warning C4200: nonstandard extension used: zero-sized array in struct/union
C:\Users\Andrew\Desktop\rust final\old\rust base\game\il2cpp.hpp(36,11): message : This member will be ignored by a defaulted constructor or copy/move assignment operator
  Main.cpp
C:\Users\Andrew\Desktop\rust final\old\rust base\game\il2cpp.hpp(36,11): warning C4200: nonstandard extension used: zero-sized array in struct/union
C:\Users\Andrew\Desktop\rust final\old\rust base\game\il2cpp.hpp(36,11): message : This member will be ignored by a defaulted constructor or copy/move assignment operator
C:\Users\Andrew\Desktop\rust final\old\rust base\gui_framework.h(65,131): warning C4305: 'argument': truncation from 'double' to 'float'
C:\Users\Andrew\Desktop\rust final\old\rust base\gui_framework.h(84,106): warning C4305: 'argument': truncation from 'double' to 'float'
C:\Users\Andrew\Desktop\rust final\old\rust base\gui_framework.h(88,104): warning C4305: 'argument': truncation from 'double' to 'float'
C:\Users\Andrew\Desktop\rust final\old\rust base\gui_framework.h(92,106): warning C4305: 'argument': truncation from 'double' to 'float'
C:\Users\Andrew\Desktop\rust final\old\rust base\gui_framework.h(152,83): warning C4305: 'argument': truncation from 'double' to 'float'
C:\Users\Andrew\Desktop\rust final\old\rust base\gui_framework.h(294,47): warning C4244: '=': conversion from 'float' to 'int', possible loss of data
C:\Users\Andrew\Desktop\rust final\old\rust base\gui_framework.h(327,17): warning C4244: '=': conversion from 'double' to 'float', possible loss of data
C:\Users\Andrew\Desktop\rust final\old\rust base\gui_framework.h(332,110): warning C4305: 'argument': truncation from 'double' to 'float'
C:\Users\Andrew\Desktop\rust final\old\rust base\gui_framework.h(333,122): warning C4305: 'argument': truncation from 'double' to 'float'
C:\Users\Andrew\Desktop\rust final\old\rust base\gui_framework.h(335,106): warning C4305: 'argument': truncation from 'double' to 'float'
C:\Users\Andrew\Desktop\rust final\old\rust base\performanceui.h(139,24): warning C4018: '<': signed/unsigned mismatch
C:\Users\Andrew\Desktop\rust final\old\rust base\performanceui.h(264,15): warning C4553: '==': result of expression not used; did you intend '='?
C:\Users\Andrew\Desktop\rust final\old\rust base\performanceui.h(268,15): warning C4553: '==': result of expression not used; did you intend '='?
C:\Users\Andrew\Desktop\rust final\old\rust base\performanceui.h(272,15): warning C4553: '==': result of expression not used; did you intend '='?
C:\Users\Andrew\Desktop\rust final\old\rust base\performanceui.h(276,15): warning C4553: '==': result of expression not used; did you intend '='?
C:\Users\Andrew\Desktop\rust final\old\rust base\performanceui.h(477,96): warning C4244: 'argument': conversion from 'int' to 'float', possible loss of data
C:\Users\Andrew\Desktop\rust final\old\rust base\performanceui.h(477,60): warning C4244: 'argument': conversion from 'int' to 'float', possible loss of data
C:\Users\Andrew\Desktop\rust final\old\rust base\performanceui.h(478,94): warning C4244: 'argument': conversion from 'int' to 'float', possible loss of data
C:\Users\Andrew\Desktop\rust final\old\rust base\performanceui.h(478,58): warning C4244: 'argument': conversion from 'int' to 'float', possible loss of data
C:\Users\Andrew\Desktop\rust final\old\rust base\performanceui.h(550,90): warning C4244: 'argument': conversion from 'int' to 'float', possible loss of data
C:\Users\Andrew\Desktop\rust final\old\rust base\performanceui.h(550,56): warning C4244: 'argument': conversion from 'int' to 'float', possible loss of data
C:\Users\Andrew\Desktop\rust final\old\rust base\performanceui.h(551,88): warning C4244: 'argument': conversion from 'int' to 'float', possible loss of data
C:\Users\Andrew\Desktop\rust final\old\rust base\performanceui.h(551,54): warning C4244: 'argument': conversion from 'int' to 'float', possible loss of data
C:\Users\Andrew\Desktop\rust final\old\rust base\performanceui.h(554,90): warning C4244: 'argument': conversion from 'int' to 'float', possible loss of data
C:\Users\Andrew\Desktop\rust final\old\rust base\performanceui.h(554,56): warning C4244: 'argument': conversion from 'int' to 'float', possible loss of data
C:\Users\Andrew\Desktop\rust final\old\rust base\performanceui.h(555,88): warning C4244: 'argument': conversion from 'int' to 'float', possible loss of data
C:\Users\Andrew\Desktop\rust final\old\rust base\performanceui.h(555,54): warning C4244: 'argument': conversion from 'int' to 'float', possible loss of data
  Misc.cpp
C:\Users\Andrew\Desktop\rust final\old\rust base\game\il2cpp.hpp(36,11): warning C4200: nonstandard extension used: zero-sized array in struct/union
C:\Users\Andrew\Desktop\rust final\old\rust base\game\il2cpp.hpp(36,11): message : This member will be ignored by a defaulted constructor or copy/move assignment operator
  sky.cpp
  math.cpp
C:\Users\Andrew\Desktop\rust final\old\rust base\utils\math.cpp(399,1): warning C4305: 'return': truncation from 'double' to 'float'
C:\Users\Andrew\Desktop\rust final\old\rust base\utils\math.cpp(401,1): warning C4305: 'return': truncation from 'double' to 'float'
C:\Users\Andrew\Desktop\rust final\old\rust base\utils\math.cpp(405,14): warning C4244: 'return': conversion from 'double' to 'float', possible loss of data
C:\Users\Andrew\Desktop\rust final\old\rust base\utils\math.cpp(407,15): warning C4244: 'return': conversion from 'double' to 'float', possible loss of data
C:\Users\Andrew\Desktop\rust final\old\rust base\utils\math.cpp(409,17): warning C4244: 'return': conversion from 'double' to 'float', possible loss of data
C:\Users\Andrew\Desktop\rust final\old\rust base\utils\math.cpp(411,18): warning C4244: 'return': conversion from 'double' to 'float', possible loss of data
C:\Users\Andrew\Desktop\rust final\old\rust base\utils\math.cpp(425,24): warning C4305: 'initializing': truncation from 'double' to 'float'
C:\Users\Andrew\Desktop\rust final\old\rust base\utils\math.cpp(427,18): warning C4305: '+=': truncation from 'double' to 'float'
C:\Users\Andrew\Desktop\rust final\old\rust base\utils\math.cpp(429,18): warning C4305: '-=': truncation from 'double' to 'float'
C:\Users\Andrew\Desktop\rust final\old\rust base\utils\math.cpp(431,18): warning C4305: '+=': truncation from 'double' to 'float'
C:\Users\Andrew\Desktop\rust final\old\rust base\utils\math.cpp(432,42): warning C4244: 'argument': conversion from 'double' to 'float', possible loss of data
C:\Users\Andrew\Desktop\rust final\old\rust base\utils\math.cpp(432,31): warning C4244: '=': conversion from 'double' to 'float', possible loss of data
C:\Users\Andrew\Desktop\rust final\old\rust base\utils\math.cpp(495,9): warning C4244: 'return': conversion from 'double' to 'float', possible loss of data
C:\Users\Andrew\Desktop\rust final\old\rust base\utils\math.cpp(500,15): warning C4244: 'argument': conversion from 'double' to 'float', possible loss of data
  memory.cpp
C:\Users\Andrew\Desktop\rust final\old\rust base\game\il2cpp.hpp(36,11): warning C4200: nonstandard extension used: zero-sized array in struct/union
C:\Users\Andrew\Desktop\rust final\old\rust base\game\il2cpp.hpp(36,11): message : This member will be ignored by a defaulted constructor or copy/move assignment operator
C:\Users\Andrew\Desktop\rust final\old\rust base\utils\memory.cpp(75,15): warning C4309: '=': truncation of constant value
LINK : warning LNK4075: ignoring '/INCREMENTAL' due to '/LTCG' specification
  Generating code
  Previous IPDB not found, fall back to full compilation.
C:\Users\Andrew\Desktop\rust final\old\rust base\game\classes.cpp(1857): warning C4715: 'rust::PlayerWalkMovement::fun': not all control paths return a value
C:\Users\Andrew\Desktop\rust final\old\rust base\game\il2cpp.cpp(173): warning C4715: 'il2cpp::method': not all control paths return a value
C:\Users\Andrew\Desktop\rust final\old\rust base\game\il2cpp.cpp(217): warning C4715: 'il2cpp::hook_virtual_function': not all control paths return a value
  All 2359 functions were compiled because no usable IPDB/IOBJ from previous compilation was found.
  Finished generating code
  rust base.vcxproj -> C:\Users\Andrew\Desktop\rust final\old\x64\Release\h0ok.dll
