c:\users\shadow\desktop\old\x64\release\memory.obj
c:\users\shadow\desktop\old\x64\release\math.obj
c:\users\shadow\desktop\old\x64\release\sky.obj
c:\users\shadow\desktop\old\x64\release\misc.obj
c:\users\shadow\desktop\old\x64\release\main.obj
c:\users\shadow\desktop\old\x64\release\offsets.obj
c:\users\shadow\desktop\old\x64\release\il2cpp.obj
c:\users\shadow\desktop\old\x64\release\classes.obj
c:\users\shadow\desktop\old\x64\release\esp.obj
c:\users\shadow\desktop\old\x64\release\aimbot.obj
c:\users\shadow\desktop\old\x64\release\h0ok.ipdb
c:\users\shadow\desktop\old\x64\release\h0ok.iobj
c:\users\shadow\desktop\old\x64\release\h0ok.dll
c:\users\shadow\desktop\old\x64\release\h0ok.pdb
c:\users\shadow\desktop\old\x64\release\h0ok.tlog\cl.command.1.tlog
c:\users\shadow\desktop\old\x64\release\h0ok.tlog\cl.read.1.tlog
c:\users\shadow\desktop\old\x64\release\h0ok.tlog\cl.write.1.tlog
c:\users\shadow\desktop\old\x64\release\h0ok.tlog\h0ok.write.1u.tlog
c:\users\shadow\desktop\old\x64\release\h0ok.tlog\link.command.1.tlog
c:\users\shadow\desktop\old\x64\release\h0ok.tlog\link.read.1.tlog
c:\users\shadow\desktop\old\x64\release\h0ok.tlog\link.write.1.tlog
